Vivado Simulator 2017.4
Copyright 1986-1999, 2001-2016 Xilinx, Inc. All Rights Reserved.
Running: C:/Xilinx/Vivado/2017.4/bin/unwrapped/win64.o/xelab.exe -wto 424610abc50149e9ab5bc27453a7c0db --incr --debug typical --relax --mt 2 -L xil_defaultlib -L secureip -L xpm --snapshot aes_tb_behav xil_defaultlib.aes_tb -log elaborate.log 
Using 2 slave threads.
Starting static elaboration
Completed static elaboration
Starting simulation data flow analysis
Completed simulation data flow analysis
Time Resolution for simulation is 1ps
Compiling package std.standard
Compiling package std.textio
Compiling package ieee.std_logic_1164
Compiling architecture behavioral of entity xil_defaultlib.comp [comp_default]
Compiling architecture behavioral of entity xil_defaultlib.add [add_default]
Compiling architecture behavioral of entity xil_defaultlib.mul2 [mul2_default]
Compiling architecture behavioral of entity xil_defaultlib.con2 [con2_default]
Compiling architecture behavioral of entity xil_defaultlib.mul [mul_default]
Compiling architecture behavioral of entity xil_defaultlib.square [square_default]
Compiling architecture behavioral of entity xil_defaultlib.inv [inv_default]
Compiling architecture behavioral of entity xil_defaultlib.invcomp [invcomp_default]
Compiling architecture behavioral of entity xil_defaultlib.affine [affine_default]
Compiling architecture behavioral of entity xil_defaultlib.sbox [sbox_default]
Compiling architecture behavioral of entity xil_defaultlib.keyexpansion [keyexpansion_default]
Compiling architecture behavioral of entity xil_defaultlib.roundkeys [roundkeys_default]
Compiling architecture behavioral of entity xil_defaultlib.subbytes [subbytes_default]
Compiling architecture behavioral of entity xil_defaultlib.shift_rows [shift_rows_default]
Compiling architecture behavioral of entity xil_defaultlib.mixcolumn_c [mixcolumn_c_default]
Compiling architecture behavioral of entity xil_defaultlib.mixcolumns [mixcolumns_default]
Compiling architecture behavioral of entity xil_defaultlib.addroundkey [addroundkey_default]
Compiling architecture behavioral of entity xil_defaultlib.rounds [rounds_default]
Compiling architecture behavioral of entity xil_defaultlib.lastround [lastround_default]
Compiling architecture behavioral of entity xil_defaultlib.encryption [encryption_default]
Compiling architecture behavioral of entity xil_defaultlib.inv_shiftrows [inv_shiftrows_default]
Compiling architecture behavioral of entity xil_defaultlib.inv_affine [inv_affine_default]
Compiling architecture behavioral of entity xil_defaultlib.inv_sbox [inv_sbox_default]
Compiling architecture behavioral of entity xil_defaultlib.inv_subbytes [inv_subbytes_default]
Compiling architecture behavioral of entity xil_defaultlib.mul_2 [mul_2_default]
Compiling architecture behavioral of entity xil_defaultlib.inv_mix [inv_mix_default]
Compiling architecture behavioral of entity xil_defaultlib.inv_mixcolumns [inv_mixcolumns_default]
Compiling architecture behavioral of entity xil_defaultlib.inv_rounds [inv_rounds_default]
Compiling architecture behavioral of entity xil_defaultlib.inv_lastround [inv_lastround_default]
Compiling architecture behavioral of entity xil_defaultlib.decryption [decryption_default]
Compiling architecture behavioral of entity xil_defaultlib.datapath [datapath_default]
Compiling architecture behavioral of entity xil_defaultlib.aes [aes_default]
Compiling architecture behavioral of entity xil_defaultlib.aes_tb
Built simulation snapshot aes_tb_behav
