INFO: [VRFC 10-163] Analyzing VHDL file "B:/vhdl codes/AES FINAL/aes.srcs/sources_1/new/add.vhd" into library xil_defaultlib
INFO: [VRFC 10-307] analyzing entity add
INFO: [VRFC 10-163] Analyzing VHDL file "B:/vhdl codes/AES FINAL/aes.srcs/sources_1/new/addroundkey.vhd" into library xil_defaultlib
INFO: [VRFC 10-307] analyzing entity addroundkey
INFO: [VRFC 10-163] Analyzing VHDL file "B:/vhdl codes/AES FINAL/aes.srcs/sources_1/new/aes.vhd" into library xil_defaultlib
INFO: [VRFC 10-307] analyzing entity aes
INFO: [VRFC 10-163] Analyzing VHDL file "B:/vhdl codes/AES FINAL/aes.srcs/sources_1/new/affine.vhd" into library xil_defaultlib
INFO: [VRFC 10-307] analyzing entity affine
INFO: [VRFC 10-163] Analyzing VHDL file "B:/vhdl codes/AES FINAL/aes.srcs/sources_1/new/comp.vhd" into library xil_defaultlib
INFO: [VRFC 10-307] analyzing entity comp
INFO: [VRFC 10-163] Analyzing VHDL file "B:/vhdl codes/AES FINAL/aes.srcs/sources_1/new/con2.vhd" into library xil_defaultlib
INFO: [VRFC 10-307] analyzing entity con2
INFO: [VRFC 10-163] Analyzing VHDL file "B:/vhdl codes/AES FINAL/aes.srcs/sources_1/new/datapath.vhd" into library xil_defaultlib
INFO: [VRFC 10-307] analyzing entity datapath
INFO: [VRFC 10-163] Analyzing VHDL file "B:/vhdl codes/AES FINAL/aes.srcs/sources_1/new/decryption.vhd" into library xil_defaultlib
INFO: [VRFC 10-307] analyzing entity decryption
INFO: [VRFC 10-163] Analyzing VHDL file "B:/vhdl codes/AES FINAL/aes.srcs/sources_1/new/encryption.vhd" into library xil_defaultlib
INFO: [VRFC 10-307] analyzing entity encryption
INFO: [VRFC 10-163] Analyzing VHDL file "B:/vhdl codes/AES FINAL/aes.srcs/sources_1/new/inv.vhd" into library xil_defaultlib
INFO: [VRFC 10-307] analyzing entity inv
INFO: [VRFC 10-163] Analyzing VHDL file "B:/vhdl codes/AES FINAL/aes.srcs/sources_1/new/inv_affine.vhd" into library xil_defaultlib
INFO: [VRFC 10-307] analyzing entity inv_affine
INFO: [VRFC 10-163] Analyzing VHDL file "B:/vhdl codes/AES FINAL/aes.srcs/sources_1/new/inv_lastround.vhd" into library xil_defaultlib
INFO: [VRFC 10-307] analyzing entity inv_lastround
INFO: [VRFC 10-163] Analyzing VHDL file "B:/vhdl codes/AES FINAL/aes.srcs/sources_1/new/inv_mix.vhd" into library xil_defaultlib
INFO: [VRFC 10-307] analyzing entity inv_mix
INFO: [VRFC 10-163] Analyzing VHDL file "B:/vhdl codes/AES FINAL/aes.srcs/sources_1/new/inv_mixcolumns.vhd" into library xil_defaultlib
INFO: [VRFC 10-307] analyzing entity inv_mixcolumns
INFO: [VRFC 10-163] Analyzing VHDL file "B:/vhdl codes/AES FINAL/aes.srcs/sources_1/new/inv_rounds.vhd" into library xil_defaultlib
INFO: [VRFC 10-307] analyzing entity inv_rounds
INFO: [VRFC 10-163] Analyzing VHDL file "B:/vhdl codes/AES FINAL/aes.srcs/sources_1/new/inv_sbox.vhd" into library xil_defaultlib
INFO: [VRFC 10-307] analyzing entity inv_sbox
INFO: [VRFC 10-163] Analyzing VHDL file "B:/vhdl codes/AES FINAL/aes.srcs/sources_1/new/inv_shiftrows.vhd" into library xil_defaultlib
INFO: [VRFC 10-307] analyzing entity inv_shiftrows
INFO: [VRFC 10-163] Analyzing VHDL file "B:/vhdl codes/AES FINAL/aes.srcs/sources_1/new/inv_subbytes.vhd" into library xil_defaultlib
INFO: [VRFC 10-307] analyzing entity inv_subbytes
INFO: [VRFC 10-163] Analyzing VHDL file "B:/vhdl codes/AES FINAL/aes.srcs/sources_1/new/invcomp.vhd" into library xil_defaultlib
INFO: [VRFC 10-307] analyzing entity invcomp
INFO: [VRFC 10-163] Analyzing VHDL file "B:/vhdl codes/AES FINAL/aes.srcs/sources_1/new/keyexpansion.vhd" into library xil_defaultlib
INFO: [VRFC 10-307] analyzing entity keyexpansion
INFO: [VRFC 10-163] Analyzing VHDL file "B:/vhdl codes/AES FINAL/aes.srcs/sources_1/new/lastround.vhd" into library xil_defaultlib
INFO: [VRFC 10-307] analyzing entity lastround
INFO: [VRFC 10-163] Analyzing VHDL file "B:/vhdl codes/AES FINAL/aes.srcs/sources_1/new/mixcolumn_c.vhd" into library xil_defaultlib
INFO: [VRFC 10-307] analyzing entity mixcolumn_c
INFO: [VRFC 10-163] Analyzing VHDL file "B:/vhdl codes/AES FINAL/aes.srcs/sources_1/new/mixcolumns.vhd" into library xil_defaultlib
INFO: [VRFC 10-307] analyzing entity mixcolumns
INFO: [VRFC 10-163] Analyzing VHDL file "B:/vhdl codes/AES FINAL/aes.srcs/sources_1/new/mul.vhd" into library xil_defaultlib
INFO: [VRFC 10-307] analyzing entity mul
INFO: [VRFC 10-163] Analyzing VHDL file "B:/vhdl codes/AES FINAL/aes.srcs/sources_1/new/mul2.vhd" into library xil_defaultlib
INFO: [VRFC 10-307] analyzing entity mul2
INFO: [VRFC 10-163] Analyzing VHDL file "B:/vhdl codes/AES FINAL/aes.srcs/sources_1/new/mul_2.vhd" into library xil_defaultlib
INFO: [VRFC 10-307] analyzing entity mul_2
INFO: [VRFC 10-163] Analyzing VHDL file "B:/vhdl codes/AES FINAL/aes.srcs/sources_1/new/roundkeys.vhd" into library xil_defaultlib
INFO: [VRFC 10-307] analyzing entity roundkeys
INFO: [VRFC 10-163] Analyzing VHDL file "B:/vhdl codes/AES FINAL/aes.srcs/sources_1/new/rounds.vhd" into library xil_defaultlib
INFO: [VRFC 10-307] analyzing entity rounds
INFO: [VRFC 10-163] Analyzing VHDL file "B:/vhdl codes/AES FINAL/aes.srcs/sources_1/new/sbox.vhd" into library xil_defaultlib
INFO: [VRFC 10-307] analyzing entity sbox
INFO: [VRFC 10-163] Analyzing VHDL file "B:/vhdl codes/AES FINAL/aes.srcs/sources_1/new/shift_rows.vhd" into library xil_defaultlib
INFO: [VRFC 10-307] analyzing entity shift_rows
INFO: [VRFC 10-163] Analyzing VHDL file "B:/vhdl codes/AES FINAL/aes.srcs/sources_1/new/square.vhd" into library xil_defaultlib
INFO: [VRFC 10-307] analyzing entity square
INFO: [VRFC 10-163] Analyzing VHDL file "B:/vhdl codes/AES FINAL/aes.srcs/sources_1/new/subbytes.vhd" into library xil_defaultlib
INFO: [VRFC 10-307] analyzing entity subbytes
INFO: [VRFC 10-163] Analyzing VHDL file "B:/vhdl codes/AES FINAL/aes.srcs/sim_1/new/aes_tb.vhd" into library xil_defaultlib
INFO: [VRFC 10-307] analyzing entity aes_tb
